<?xml version="1.0" encoding="UTF-8"?>
<!-- Generated by org.testng.reporters.JUnitXMLReporter -->
<testsuite hostname="Ankush-PC" ignored="0" name="FirstTC" tests="3" failures="0" timestamp="16 Jan 2018 13:36:50 GMT" time="46.536" errors="0">
  <testcase name="FirstValidate" time="30.69" classname="org.UIInterface.MasterClass"/>
  <testcase name="ValidateHome" time="4.453" classname="org.UIInterface.MasterClass"/>
  <testcase name="lppage" time="4.545" classname="org.UIInterface.MasterClass"/>
</testsuite> <!-- FirstTC -->
