<?xml version="1.0" encoding="UTF-8"?>
<!-- Generated by org.testng.reporters.JUnitXMLReporter -->
<testsuite hostname="Ankush-PC" ignored="0" name="Testthcg" tests="3" failures="1" timestamp="11 Dec 2017 14:45:52 GMT" time="14.691" errors="0">
  <testcase name="gethome" time="11.918" classname="THCG.VerifyNewSiteSetup"/>
  <testcase name="VerifyHome" time="0.066" classname="THCG.VerifyNewSiteSetup"/>
  <testcase name="VerifyPageSource" time="0.029" classname="THCG.VerifyNewSiteSetup">
    <failure type="java.lang.AssertionError" message="The following asserts failed:
	Title seems the default one: The Health Coach Group Template | The Health Coach Group Template expected [true] but found [false],
	Default Divi logo Path found: http://testthcg.thehealthcoachgroup.com/wp-content/themes/Divi/images/logo.png expected [true] but found [false],
	expected [Random Testimonial test found: Need to remove] but found [false]">
      <![CDATA[java.lang.AssertionError: The following asserts failed:Title seems the default one: The Health Coach Group Template | The Health Coach Group Template expected [true] but found [false],Default Divi logo Path found: http://testthcg.thehealthcoachgroup.com/wp-content/themes/Divi/images/logo.png expected [true] but found [false],expected [Random Testimonial test found: Need to remove] but found [false]at THCG.VerifyNewSiteSetup.VerifyPageSource(VerifyNewSiteSetup.java:103)... Removed 26 stack frames]]>
    </failure>
  </testcase> <!-- VerifyPageSource -->
</testsuite> <!-- Testthcg -->
