<?xml version="1.0" encoding="UTF-8"?>
<!-- Generated by org.testng.reporters.JUnitXMLReporter -->
<testsuite hostname="Ankush-PC" ignored="0" name="Default test" tests="3" failures="0" timestamp="02 Jan 2018 09:42:43 GMT" time="55.957" errors="0">
  <testcase name="FirstValidate" time="38.949" classname="org.UIInterface.MasterClass"/>
  <testcase name="ValidateHome" time="5.476" classname="org.UIInterface.MasterClass"/>
  <testcase name="lppage" time="6.252" classname="org.UIInterface.MasterClass"/>
</testsuite> <!-- Default test -->
