<?xml version="1.0" encoding="UTF-8"?>
<!-- Generated by org.testng.reporters.JUnitXMLReporter -->
<testsuite hostname="Ankush-PC" ignored="0" name="Default test" tests="3" failures="0" timestamp="19 Jan 2018 09:26:31 GMT" time="32.713" errors="0">
  <testcase name="FirstValidate" time="16.172" classname="org.UIInterface.MasterClass"/>
  <testcase name="ValidateHome" time="5.028" classname="org.UIInterface.MasterClass"/>
  <testcase name="lppage" time="5.201" classname="org.UIInterface.MasterClass"/>
</testsuite> <!-- Default test -->
