<?xml version="1.0" encoding="UTF-8"?>
<testng-results skipped="0" failed="0" ignored="0" total="3" passed="3">
  <reporter-output>
    <line>
      <![CDATA[Test log comment]]>
    </line>
    <line>
      <![CDATA[Primary Validation Crossed]]>
    </line>
  </reporter-output>
  <suite name="Default suite" duration-ms="32713" started-at="2018-01-19T09:25:58Z" finished-at="2018-01-19T09:26:31Z">
    <groups>
    </groups>
    <test name="Default test" duration-ms="32713" started-at="2018-01-19T09:25:58Z" finished-at="2018-01-19T09:26:31Z">
      <class name="org.UIInterface.MasterClass">
        <test-method status="PASS" signature="LaunchingBrowser()[pri:0, instance:org.UIInterface.MasterClass@37883b97]" name="LaunchingBrowser" is-config="true" duration-ms="5578" started-at="2018-01-19T14:55:58Z" finished-at="2018-01-19T14:56:04Z">
          <reporter-output>
            <line>
              <![CDATA[Test log comment]]>
            </line>
          </reporter-output>
        </test-method> <!-- LaunchingBrowser -->
        <test-method status="PASS" signature="FirstValidate()[pri:0, instance:org.UIInterface.MasterClass@37883b97]" name="FirstValidate" duration-ms="16172" started-at="2018-01-19T14:56:04Z" finished-at="2018-01-19T14:56:20Z">
          <reporter-output>
            <line>
              <![CDATA[Primary Validation Crossed]]>
            </line>
          </reporter-output>
        </test-method> <!-- FirstValidate -->
        <test-method status="PASS" signature="ValidateHome()[pri:1, instance:org.UIInterface.MasterClass@37883b97]" name="ValidateHome" duration-ms="5028" started-at="2018-01-19T14:56:20Z" finished-at="2018-01-19T14:56:25Z">
          <reporter-output>
          </reporter-output>
        </test-method> <!-- ValidateHome -->
        <test-method status="PASS" signature="lppage()[pri:2, instance:org.UIInterface.MasterClass@37883b97]" name="lppage" duration-ms="5201" started-at="2018-01-19T14:56:25Z" finished-at="2018-01-19T14:56:30Z">
          <reporter-output>
          </reporter-output>
        </test-method> <!-- lppage -->
        <test-method status="PASS" signature="ClosingSession()[pri:0, instance:org.UIInterface.MasterClass@37883b97]" name="ClosingSession" is-config="true" duration-ms="661" started-at="2018-01-19T14:56:30Z" finished-at="2018-01-19T14:56:31Z">
          <reporter-output>
          </reporter-output>
        </test-method> <!-- ClosingSession -->
      </class> <!-- org.UIInterface.MasterClass -->
    </test> <!-- Default test -->
  </suite> <!-- Default suite -->
</testng-results>
